<?xml version="1.0" encoding="utf-8"?><testsuite errors="2" failures="0" name="pytest" skipped="0" tests="2" time="0.265"><testcase classname="" file="test_dir/test_01_login.py" name="test_dir.test_01_login" time="0.000"><error message="collection failure">ImportError while importing test module &apos;D:\masonfile\Automation_project\Auto_Project\test_dir\test_01_login.py&apos;.
Hint: make sure your test modules/packages have valid Python names.
Traceback:
test_dir\test_01_login.py:5: in &lt;module&gt;
    from poium import PageWait
..\Automa_Python\lib\site-packages\poium\__init__.py:20: in &lt;module&gt;
    from .poium import Page
..\Automa_Python\lib\site-packages\poium\poium.py:4: in &lt;module&gt;
    from appium.webdriver.common.touch_action import TouchAction as MobileTouchAction
..\Automa_Python\lib\site-packages\appium\webdriver\__init__.py:19: in &lt;module&gt;
    from .webdriver import WebDriver as Remote
..\Automa_Python\lib\site-packages\appium\webdriver\webdriver.py:26: in &lt;module&gt;
    from appium.options.common.base import AppiumOptions
..\Automa_Python\lib\site-packages\appium\options\common\__init__.py:1: in &lt;module&gt;
    from .base import AppiumOptions
..\Automa_Python\lib\site-packages\appium\options\common\base.py:21: in &lt;module&gt;
    from selenium.webdriver.common.options import BaseOptions
E   ModuleNotFoundError: No module named &apos;selenium.webdriver.common.options&apos;</error></testcase><testcase classname="pytest" name="internal" time="0.000"><error message="internal error">Traceback (most recent call last):
  File &quot;D:\masonfile\Automation_project\Automa_Python\lib\site-packages\_pytest\main.py&quot;, line 213, in wrap_session
    session.exitstatus = doit(config, session) or 0
  File &quot;D:\masonfile\Automation_project\Automa_Python\lib\site-packages\_pytest\main.py&quot;, line 256, in _main
    config.hook.pytest_collection(session=session)
  File &quot;D:\masonfile\Automation_project\Automa_Python\lib\site-packages\pluggy\hooks.py&quot;, line 286, in __call__
    return self._hookexec(self, self.get_hookimpls(), kwargs)
  File &quot;D:\masonfile\Automation_project\Automa_Python\lib\site-packages\pluggy\manager.py&quot;, line 93, in _hookexec
    return self._inner_hookexec(hook, methods, kwargs)
  File &quot;D:\masonfile\Automation_project\Automa_Python\lib\site-packages\pluggy\manager.py&quot;, line 87, in &lt;lambda&gt;
    firstresult=hook.spec.opts.get(&quot;firstresult&quot;) if hook.spec else False,
  File &quot;D:\masonfile\Automation_project\Automa_Python\lib\site-packages\pluggy\callers.py&quot;, line 208, in _multicall
    return outcome.get_result()
  File &quot;D:\masonfile\Automation_project\Automa_Python\lib\site-packages\pluggy\callers.py&quot;, line 80, in get_result
    raise ex[1].with_traceback(ex[2])
  File &quot;D:\masonfile\Automation_project\Automa_Python\lib\site-packages\pluggy\callers.py&quot;, line 187, in _multicall
    res = hook_impl.function(*args)
  File &quot;D:\masonfile\Automation_project\Automa_Python\lib\site-packages\_pytest\main.py&quot;, line 266, in pytest_collection
    return session.perform_collect()
  File &quot;D:\masonfile\Automation_project\Automa_Python\lib\site-packages\_pytest\main.py&quot;, line 459, in perform_collect
    items = self._perform_collect(args, genitems)
  File &quot;D:\masonfile\Automation_project\Automa_Python\lib\site-packages\_pytest\main.py&quot;, line 498, in _perform_collect
    self.items.extend(self.genitems(node))
  File &quot;D:\masonfile\Automation_project\Automa_Python\lib\site-packages\_pytest\main.py&quot;, line 720, in genitems
    yield from self.genitems(subnode)
  File &quot;D:\masonfile\Automation_project\Automa_Python\lib\site-packages\_pytest\main.py&quot;, line 721, in genitems
    node.ihook.pytest_collectreport(report=rep)
  File &quot;D:\masonfile\Automation_project\Automa_Python\lib\site-packages\pluggy\hooks.py&quot;, line 286, in __call__
    return self._hookexec(self, self.get_hookimpls(), kwargs)
  File &quot;D:\masonfile\Automation_project\Automa_Python\lib\site-packages\pluggy\manager.py&quot;, line 93, in _hookexec
    return self._inner_hookexec(hook, methods, kwargs)
  File &quot;D:\masonfile\Automation_project\Automa_Python\lib\site-packages\pluggy\manager.py&quot;, line 87, in &lt;lambda&gt;
    firstresult=hook.spec.opts.get(&quot;firstresult&quot;) if hook.spec else False,
  File &quot;D:\masonfile\Automation_project\Automa_Python\lib\site-packages\pluggy\callers.py&quot;, line 208, in _multicall
    return outcome.get_result()
  File &quot;D:\masonfile\Automation_project\Automa_Python\lib\site-packages\pluggy\callers.py&quot;, line 80, in get_result
    raise ex[1].with_traceback(ex[2])
  File &quot;D:\masonfile\Automation_project\Automa_Python\lib\site-packages\pluggy\callers.py&quot;, line 187, in _multicall
    res = hook_impl.function(*args)
  File &quot;D:\masonfile\Automation_project\Automa_Python\lib\site-packages\pytest_html\plugin.py&quot;, line 512, in pytest_collectreport
    self.append_failed(report)
  File &quot;D:\masonfile\Automation_project\Automa_Python\lib\site-packages\pytest_html\plugin.py&quot;, line 297, in append_failed
    self._appendrow(&apos;Error&apos;, report)
  File &quot;D:\masonfile\Automation_project\Automa_Python\lib\site-packages\pytest_html\plugin.py&quot;, line 266, in _appendrow
    result = self.TestResult(outcome, report, self.logfile, self.config)
  File &quot;D:\masonfile\Automation_project\Automa_Python\lib\site-packages\pytest_html\plugin.py&quot;, line 130, in __init__
    report=report, cells=cells)
  File &quot;D:\masonfile\Automation_project\Automa_Python\lib\site-packages\pluggy\hooks.py&quot;, line 286, in __call__
    return self._hookexec(self, self.get_hookimpls(), kwargs)
  File &quot;D:\masonfile\Automation_project\Automa_Python\lib\site-packages\pluggy\manager.py&quot;, line 93, in _hookexec
    return self._inner_hookexec(hook, methods, kwargs)
  File &quot;D:\masonfile\Automation_project\Automa_Python\lib\site-packages\pluggy\manager.py&quot;, line 87, in &lt;lambda&gt;
    firstresult=hook.spec.opts.get(&quot;firstresult&quot;) if hook.spec else False,
  File &quot;D:\masonfile\Automation_project\Automa_Python\lib\site-packages\pluggy\callers.py&quot;, line 208, in _multicall
    return outcome.get_result()
  File &quot;D:\masonfile\Automation_project\Automa_Python\lib\site-packages\pluggy\callers.py&quot;, line 80, in get_result
    raise ex[1].with_traceback(ex[2])
  File &quot;D:\masonfile\Automation_project\Automa_Python\lib\site-packages\pluggy\callers.py&quot;, line 187, in _multicall
    res = hook_impl.function(*args)
  File &quot;D:\masonfile\Automation_project\Auto_Project\conftest.py&quot;, line 52, in pytest_html_results_table_row
    cells.insert(2, html.td(report.description))
AttributeError: &apos;CollectReport&apos; object has no attribute &apos;description&apos;</error></testcase></testsuite>